11:40:35.061743 - [STARTING] server is listening to you(dont fear tho) ....
11:40:35.153745 - worker 1 started
11:40:35.182746 - worker 2 started
11:40:35.209746 - worker 5 started
11:40:35.244745 - worker 4 started
11:40:35.290748 - worker 3 started
11:40:46.279570 - report for file 10.json.md5 was received
11:40:46.295573 - request for creating 10.json.md5 was received
11:40:46.449571 - request for creating 103.json.md5 was received
11:40:46.523575 - request for creating 100.json.md5 was received
11:40:46.709572 - request for creating 106.json.md5 was received
11:40:46.787573 - request for creating 101.json.md5 was received
11:40:46.857569 - request for creating 105.json.md5 was received
11:40:47.034574 - request for creating 109.json.md5 was received
11:40:47.222570 - request for creating 11.json.md5 was received
11:40:47.358571 - request for creating 113.json.md5 was received
11:40:47.404571 - request for creating 12.json.md5 was received
11:40:47.494577 - request for creating 115.json.md5 was received
11:40:47.542571 - request for creating 117.json.md5 was received
11:40:47.634097 - request for creating 114.json.md5 was received
11:40:47.782629 - request for creating 119.json.md5 was received
11:40:47.853626 - request for creating 124.json.md5 was received
11:40:47.989627 - request for creating 123.json.md5 was received
11:40:48.129627 - request for creating 125.json.md5 was received
11:40:48.329625 - request for creating 127.json.md5 was received
11:40:48.424625 - request for creating 128.json.md5 was received
11:40:48.503681 - request for creating 129.json.md5 was received
11:40:48.689683 - request for creating 132.json.md5 was received
11:40:48.809684 - request for creating 136.json.md5 was received
11:40:48.920685 - request for creating 138.json.md5 was received
11:40:49.042682 - request for creating 139.json.md5 was received
11:40:49.182685 - request for creating 140.json.md5 was received
11:40:49.318683 - request for creating 14.json.md5 was received
11:40:49.384685 - request for creating 142.json.md5 was received
11:40:49.477682 - request for creating 145.json.md5 was received
11:40:49.550732 - request for creating 154.json.md5 was received
11:40:49.600725 - request for creating 15.json.md5 was received
11:40:49.639724 - request for creating 150.json.md5 was received
11:40:49.710723 - request for creating 153.json.md5 was received
11:40:49.936775 - request for creating 146.json.md5 was received
11:40:50.125775 - request for creating 155.json.md5 was received
11:40:50.429773 - request for creating 156.json.md5 was received
11:40:50.520783 - request for creating 159.json.md5 was received
11:40:50.700781 - request for creating 164.json.md5 was received
11:40:50.742775 - request for creating 169.json.md5 was received
11:40:50.858776 - request for creating 170.json.md5 was received
11:40:51.000299 - request for creating 171.json.md5 was received
11:40:51.133300 - request for creating 173.json.md5 was received
11:40:51.301377 - request for creating 174.json.md5 was received
11:40:51.344383 - request for creating 175.json.md5 was received
11:40:51.423385 - request for creating 177.json.md5 was received
11:40:51.545375 - request for creating 178.json.md5 was received
11:40:51.685374 - request for creating 18.json.md5 was received
11:40:51.787377 - request for creating 180.json.md5 was received
11:40:51.870378 - request for creating 181.json.md5 was received
11:40:51.973377 - request for creating 182.json.md5 was received
11:40:52.075376 - request for creating 189.json.md5 was received
11:40:52.287378 - request for creating 191.json.md5 was received
11:40:52.389376 - request for creating 190.json.md5 was received
11:40:52.529376 - request for creating 196.json.md5 was received
11:40:52.677378 - request for creating 193.json.md5 was received
11:40:52.914377 - request for creating 203.json.md5 was received
11:40:53.099377 - request for creating 204.json.md5 was received
11:40:53.184378 - request for creating 205.json.md5 was received
11:40:53.275381 - request for creating 209.json.md5 was received
11:40:53.346379 - request for creating 21.json.md5 was received
11:40:53.468381 - request for creating 214.json.md5 was received
11:40:53.626435 - request for creating 217.json.md5 was received
11:40:53.706430 - request for creating 218.json.md5 was received
11:40:53.844432 - request for creating 221.json.md5 was received
11:40:53.930432 - request for creating 222.json.md5 was received
11:40:54.171431 - request for creating 224.json.md5 was received
11:40:54.317431 - request for creating 227.json.md5 was received
11:40:54.560435 - request for creating 230.json.md5 was received
11:40:54.708431 - request for creating 231.json.md5 was received
11:40:54.876951 - request for creating 233.json.md5 was received
11:40:55.051471 - request for creating 234.json.md5 was received
11:40:55.215476 - request for creating 235.json.md5 was received
11:40:55.382472 - request for creating 242.json.md5 was received
11:40:55.443476 - request for creating 241.json.md5 was received
11:40:55.598472 - request for creating 245.json.md5 was received
11:40:55.622476 - request for creating 247.json.md5 was received
11:40:55.727472 - request for creating 25.json.md5 was received
11:40:55.801475 - request for creating 250.json.md5 was received
11:40:55.938484 - request for creating 252.json.md5 was received
11:40:56.067476 - request for creating 253.json.md5 was received
11:40:56.224995 - request for creating 255.json.md5 was received
11:40:56.388039 - request for creating 256.json.md5 was received
11:40:56.492040 - request for creating 258.json.md5 was received
11:40:56.565039 - request for creating 260.json.md5 was received
11:40:56.613040 - request for creating 261.json.md5 was received
11:40:56.782042 - request for creating 263.json.md5 was received
11:40:56.888062 - request for creating 266.json.md5 was received
11:40:57.024043 - request for creating 268.json.md5 was received
11:40:57.448040 - request for creating 269.json.md5 was received
11:40:57.548571 - request for creating 27.json.md5 was received
11:40:57.679094 - request for creating 271.json.md5 was received
11:40:57.956095 - request for creating 272.json.md5 was received
11:40:58.079094 - request for creating 273.json.md5 was received
11:40:58.226619 - request for creating 279.json.md5 was received
11:40:58.414680 - request for creating 28.json.md5 was received
11:40:58.581807 - request for creating 277.json.md5 was received
11:40:58.791807 - request for creating 278.json.md5 was received
11:40:59.044005 - request for creating 274.json.md5 was received
11:40:59.108070 - request for creating 283.json.md5 was received
11:40:59.213066 - request for creating 280.json.md5 was received
11:40:59.444063 - request for creating 285.json.md5 was received
11:40:59.676216 - request for creating 282.json.md5 was received
11:40:59.843281 - request for creating 287.json.md5 was received
11:41:00.113280 - request for creating 288.json.md5 was received
11:41:00.393430 - request for creating 281.json.md5 was received
11:41:00.557429 - request for creating 29.json.md5 was received
11:41:00.643429 - request for creating 290.json.md5 was received
11:41:00.791507 - request for creating 284.json.md5 was received
11:41:00.968507 - request for creating 289.json.md5 was received
11:41:01.047581 - request for creating 293.json.md5 was received
11:41:01.230580 - request for creating 294.json.md5 was received
11:41:01.416582 - request for creating 295.json.md5 was received
11:41:01.512586 - request for creating 296.json.md5 was received
11:41:01.633674 - request for creating 297.json.md5 was received
11:41:01.732675 - request for creating 298.json.md5 was received
11:41:01.894207 - request for creating 291.json.md5 was received
11:41:02.003211 - request for creating 292.json.md5 was received
11:41:02.133213 - request for creating 286.json.md5 was received
11:41:02.294209 - request for creating 276.json.md5 was received
11:41:02.424209 - request for creating 299.json.md5 was received
11:41:02.492217 - request for creating 3.json.md5 was received
11:41:02.547210 - request for creating 30.json.md5 was received
11:41:02.693209 - request for creating 300.json.md5 was received
11:41:02.882209 - request for creating 301.json.md5 was received
11:41:03.010210 - request for creating 302.json.md5 was received
11:41:03.198209 - request for creating 303.json.md5 was received
11:41:03.361211 - request for creating 304.json.md5 was received
11:41:03.438213 - request for creating 309.json.md5 was received
11:41:03.549210 - request for creating 306.json.md5 was received
11:41:03.706213 - request for creating 310.json.md5 was received
11:41:03.923214 - request for creating 308.json.md5 was received
11:41:05.499328 - request for creating 312.json.md5 was received
11:41:06.130325 - request for creating 313.json.md5 was received
11:41:06.819325 - request for creating 314.json.md5 was received
11:41:06.900323 - request for creating 315.json.md5 was received
11:41:07.115324 - request for creating 305.json.md5 was received
11:41:07.223328 - request for creating 317.json.md5 was received
11:41:07.342329 - request for creating 318.json.md5 was received
11:41:07.432326 - request for creating 311.json.md5 was received
11:41:07.626325 - request for creating 316.json.md5 was received
11:41:07.714332 - request for creating 31.json.md5 was received
11:41:07.859324 - request for creating 321.json.md5 was received
11:41:07.975324 - request for creating 319.json.md5 was received
11:41:08.058329 - request for creating 32.json.md5 was received
11:41:08.181852 - request for creating 320.json.md5 was received
11:41:08.297853 - request for creating 307.json.md5 was received
11:41:08.404867 - request for creating 322.json.md5 was received
11:41:08.463854 - request for creating 323.json.md5 was received
11:41:08.539900 - request for creating 324.json.md5 was received
11:41:08.722901 - request for creating 325.json.md5 was received
11:41:08.854904 - request for creating 326.json.md5 was received
11:41:08.990903 - request for creating 327.json.md5 was received
11:41:09.164900 - request for creating 331.json.md5 was received
11:41:09.398426 - request for creating 332.json.md5 was received
11:41:09.567952 - request for creating 33.json.md5 was received
11:41:09.684955 - request for creating 334.json.md5 was received
11:41:09.863473 - request for creating 335.json.md5 was received
11:41:09.982479 - request for creating 336.json.md5 was received
11:41:10.079475 - request for creating 333.json.md5 was received
11:41:10.120005 - request for creating 338.json.md5 was received
11:41:10.244001 - request for creating 328.json.md5 was received
11:41:10.331017 - request for creating 329.json.md5 was received
11:41:10.544530 - request for creating 337.json.md5 was received
11:41:10.658529 - request for creating 341.json.md5 was received
11:41:10.807536 - request for creating 342.json.md5 was received
11:41:10.981524 - request for creating 34.json.md5 was received
11:41:11.130530 - request for creating 344.json.md5 was received
11:41:11.363526 - request for creating 330.json.md5 was received
11:41:11.429525 - request for creating 346.json.md5 was received
11:41:11.567524 - request for creating 343.json.md5 was received
11:41:11.612524 - request for creating 340.json.md5 was received
11:41:11.787528 - request for creating 345.json.md5 was received
11:41:11.874525 - request for creating 35.json.md5 was received
11:41:11.950524 - request for creating 350.json.md5 was received
11:41:12.016528 - request for creating 351.json.md5 was received
11:41:12.180526 - request for creating 352.json.md5 was received
11:41:12.344540 - request for creating 339.json.md5 was received
11:41:12.464049 - request for creating 354.json.md5 was received
11:41:12.580051 - request for creating 355.json.md5 was received
11:41:12.702048 - request for creating 356.json.md5 was received
11:41:12.832051 - request for creating 357.json.md5 was received
11:41:12.898060 - request for creating 347.json.md5 was received
11:41:12.962049 - request for creating 359.json.md5 was received
11:41:13.026051 - request for creating 36.json.md5 was received
11:41:13.062053 - request for creating 360.json.md5 was received
11:41:13.141073 - request for creating 361.json.md5 was received
11:41:13.241049 - request for creating 362.json.md5 was received
11:41:13.364048 - request for creating 349.json.md5 was received
11:41:13.495045 - request for creating 353.json.md5 was received
11:41:13.625049 - request for creating 358.json.md5 was received
11:41:13.736047 - request for creating 348.json.md5 was received
11:41:13.828049 - request for creating 363.json.md5 was received
11:41:13.976049 - request for creating 364.json.md5 was received
11:41:14.087049 - request for creating 365.json.md5 was received
11:41:14.203050 - request for creating 366.json.md5 was received
11:41:14.396050 - request for creating 367.json.md5 was received
11:41:14.535048 - request for creating 368.json.md5 was received
11:41:14.648051 - request for creating 369.json.md5 was received
11:41:14.778049 - request for creating 37.json.md5 was received
11:41:14.914051 - request for creating 370.json.md5 was received
11:41:15.177048 - request for creating 371.json.md5 was received
11:41:15.713047 - request for creating 376.json.md5 was received
11:41:16.844051 - request for creating 377.json.md5 was received
11:41:17.833049 - request for creating 374.json.md5 was received
11:41:17.948049 - request for creating 375.json.md5 was received
11:41:18.112047 - request for creating 372.json.md5 was received
11:41:18.364053 - request for creating 380.json.md5 was received
11:41:18.580052 - request for creating 381.json.md5 was received
11:41:18.720050 - request for creating 379.json.md5 was received
11:41:18.849051 - request for creating 383.json.md5 was received
11:41:19.006049 - request for creating 373.json.md5 was received
11:41:19.263049 - request for creating 378.json.md5 was received
11:41:19.380051 - request for creating 382.json.md5 was received
11:41:19.527065 - request for creating 38.json.md5 was received
11:41:19.699980 - request for creating 384.json.md5 was received
11:41:19.782995 - request for creating 385.json.md5 was received
11:41:19.885038 - request for creating 386.json.md5 was received
11:41:20.039036 - request for creating 387.json.md5 was received
11:41:20.092040 - request for creating 388.json.md5 was received
11:41:20.186093 - request for creating 392.json.md5 was received
11:41:20.299156 - request for creating 39.json.md5 was received
11:41:20.473679 - request for creating 394.json.md5 was received
11:41:20.582685 - request for creating 391.json.md5 was received
11:41:20.707680 - request for creating 389.json.md5 was received
11:41:20.844683 - request for creating 393.json.md5 was received
11:41:20.902674 - request for creating 398.json.md5 was received
11:41:21.048679 - request for creating 395.json.md5 was received
11:41:21.136682 - request for creating 396.json.md5 was received
11:41:21.270197 - request for creating 40.json.md5 was received
11:41:21.388193 - request for creating 400.json.md5 was received
11:41:21.465194 - request for creating 399.json.md5 was received
11:41:21.573200 - request for creating 4.json.md5 was received
11:41:21.632200 - request for creating 403.json.md5 was received
11:41:21.747196 - request for creating 404.json.md5 was received
11:41:21.866199 - request for creating 401.json.md5 was received
11:41:21.983195 - request for creating 402.json.md5 was received
11:41:22.082198 - request for creating 397.json.md5 was received
11:41:22.187203 - request for creating 390.json.md5 was received
11:41:22.303195 - request for creating 405.json.md5 was received
11:41:22.408201 - request for creating 406.json.md5 was received
11:41:22.537197 - request for creating 407.json.md5 was received
11:41:22.781205 - request for creating 411.json.md5 was received
11:41:22.925199 - request for creating 412.json.md5 was received
11:41:23.070197 - request for creating 41.json.md5 was received
11:41:23.314202 - request for creating 410.json.md5 was received
11:41:23.389198 - request for creating 415.json.md5 was received
11:41:23.571195 - request for creating 409.json.md5 was received
11:41:23.671194 - request for creating 413.json.md5 was received
11:41:23.803199 - request for creating 414.json.md5 was received
11:41:23.887194 - request for creating 408.json.md5 was received
11:41:24.062204 - request for creating 416.json.md5 was received
11:41:24.197200 - request for creating 417.json.md5 was received
11:41:24.322198 - request for creating 421.json.md5 was received
11:41:24.404205 - request for creating 422.json.md5 was received
11:41:24.540205 - request for creating 42.json.md5 was received
11:41:24.699197 - request for creating 420.json.md5 was received
11:41:24.811199 - request for creating 418.json.md5 was received
11:41:24.933197 - request for creating 419.json.md5 was received
11:41:25.028199 - request for creating 423.json.md5 was received
11:41:25.189197 - request for creating 424.json.md5 was received
11:41:25.298200 - request for creating 429.json.md5 was received
11:41:25.473200 - request for creating 43.json.md5 was received
11:41:25.632202 - request for creating 430.json.md5 was received
11:41:25.839196 - request for creating 428.json.md5 was received
11:41:26.004196 - request for creating 425.json.md5 was received
11:41:26.087303 - request for creating 426.json.md5 was received
11:41:26.306396 - request for creating 427.json.md5 was received
11:41:26.468543 - request for creating 435.json.md5 was received
11:41:26.569607 - request for creating 436.json.md5 was received
11:41:26.680200 - request for creating 433.json.md5 was received
11:41:26.839201 - request for creating 434.json.md5 was received
11:41:27.002203 - request for creating 439.json.md5 was received
11:41:27.068201 - request for creating 44.json.md5 was received
11:41:27.118729 - request for creating 440.json.md5 was received
11:41:27.199250 - request for creating 438.json.md5 was received
11:41:27.276784 - request for creating 442.json.md5 was received
11:41:27.305784 - request for creating 443.json.md5 was received
11:41:27.425784 - request for creating 444.json.md5 was received
11:41:27.586308 - request for creating 441.json.md5 was received
11:41:27.751827 - request for creating 431.json.md5 was received
11:41:27.904829 - request for creating 432.json.md5 was received
11:41:28.030828 - request for creating 437.json.md5 was received
11:41:28.130835 - request for creating 445.json.md5 was received
11:41:28.272828 - request for creating 446.json.md5 was received
11:41:28.335830 - request for creating 450.json.md5 was received
11:41:28.498827 - request for creating 448.json.md5 was received
11:41:28.636828 - request for creating 449.json.md5 was received
11:41:28.715830 - request for creating 45.json.md5 was received
11:41:28.864836 - request for creating 447.json.md5 was received
11:41:28.939826 - request for creating 451.json.md5 was received
11:41:29.062364 - request for creating 452.json.md5 was received
11:41:29.183363 - request for creating 453.json.md5 was received
11:41:29.352880 - request for creating 454.json.md5 was received
11:41:29.506899 - request for creating 455.json.md5 was received
11:41:29.673882 - request for creating 456.json.md5 was received
11:41:29.754883 - request for creating 460.json.md5 was received
11:41:29.787880 - request for creating 461.json.md5 was received
11:41:29.862879 - request for creating 462.json.md5 was received
11:41:29.989881 - request for creating 46.json.md5 was received
11:41:30.072884 - request for creating 464.json.md5 was received
11:41:30.137883 - request for creating 458.json.md5 was received
11:41:30.173883 - request for creating 466.json.md5 was received
11:41:30.198406 - request for creating 467.json.md5 was received
11:41:30.282415 - request for creating 468.json.md5 was received
11:41:30.421915 - request for creating 465.json.md5 was received
11:41:30.607913 - request for creating 459.json.md5 was received
11:41:30.673913 - request for creating 470.json.md5 was received
11:41:30.794914 - request for creating 457.json.md5 was received
11:41:30.943923 - request for creating 469.json.md5 was received
11:41:31.094912 - request for creating 47.json.md5 was received
11:41:31.182914 - request for creating 463.json.md5 was received
11:41:31.267915 - request for creating 471.json.md5 was received
11:41:31.326914 - request for creating 472.json.md5 was received
11:41:31.467949 - request for creating 473.json.md5 was received
11:41:31.573949 - request for creating 478.json.md5 was received
11:41:31.703947 - request for creating 475.json.md5 was received
11:41:31.852948 - request for creating 476.json.md5 was received
11:41:31.956948 - request for creating 477.json.md5 was received
11:41:32.118949 - request for creating 474.json.md5 was received
11:41:32.217950 - request for creating 479.json.md5 was received
11:41:32.399949 - request for creating 48.json.md5 was received
11:41:32.541949 - request for creating 480.json.md5 was received
11:41:32.659950 - request for creating 481.json.md5 was received
11:41:32.833949 - request for creating 482.json.md5 was received
11:41:33.002947 - request for creating 483.json.md5 was received
11:41:33.073948 - request for creating 484.json.md5 was received
11:41:33.148950 - request for creating 489.json.md5 was received
11:41:33.216948 - request for creating 486.json.md5 was received
11:41:33.361953 - request for creating 487.json.md5 was received
11:41:33.470949 - request for creating 491.json.md5 was received
11:41:33.629950 - request for creating 485.json.md5 was received
11:41:33.769963 - request for creating 493.json.md5 was received
11:41:33.882947 - request for creating 490.json.md5 was received
11:41:33.982947 - request for creating 488.json.md5 was received
11:41:34.072478 - request for creating 492.json.md5 was received
11:41:34.160477 - request for creating 497.json.md5 was received
11:41:34.269481 - request for creating 494.json.md5 was received
11:41:34.392476 - request for creating 499.json.md5 was received
11:41:34.568995 - request for creating 496.json.md5 was received
11:41:34.687991 - request for creating 49.json.md5 was received
11:41:34.856998 - request for creating 498.json.md5 was received
11:41:34.992994 - request for creating 495.json.md5 was received
11:41:35.092994 - request for creating 5.json.md5 was received
11:41:35.233000 - request for creating 50.json.md5 was received
11:41:35.375995 - request for creating 500.json.md5 was received
11:41:35.448995 - request for creating 501.json.md5 was received
11:41:35.562996 - request for creating 502.json.md5 was received
11:41:35.708997 - request for creating 503.json.md5 was received
11:41:35.823996 - request for creating 504.json.md5 was received
11:41:35.897997 - request for creating 505.json.md5 was received
11:41:36.007997 - request for creating 506.json.md5 was received
11:41:36.069000 - request for creating 510.json.md5 was received
11:41:36.157010 - request for creating 511.json.md5 was received
11:41:36.271998 - request for creating 509.json.md5 was received
11:41:36.394997 - request for creating 51.json.md5 was received
11:41:36.440001 - request for creating 514.json.md5 was received
11:41:36.597996 - request for creating 508.json.md5 was received
11:41:36.699999 - request for creating 512.json.md5 was received
11:41:36.823006 - request for creating 513.json.md5 was received
11:41:36.945997 - request for creating 507.json.md5 was received
11:41:37.052996 - request for creating 519.json.md5 was received
11:41:37.121994 - request for creating 52.json.md5 was received
11:41:37.265998 - request for creating 517.json.md5 was received
11:41:37.362996 - request for creating 521.json.md5 was received
11:41:37.439512 - request for creating 522.json.md5 was received
11:41:37.568512 - request for creating 516.json.md5 was received
11:41:37.740509 - request for creating 520.json.md5 was received
11:41:37.874025 - request for creating 518.json.md5 was received
11:41:37.951024 - request for creating 515.json.md5 was received
11:41:38.113028 - request for creating 523.json.md5 was received
11:41:38.281033 - request for creating 524.json.md5 was received
11:41:38.419029 - request for creating 525.json.md5 was received
11:41:38.539028 - request for creating 526.json.md5 was received
11:41:38.655031 - request for creating 527.json.md5 was received
11:41:38.763026 - request for creating 531.json.md5 was received
11:41:38.889027 - request for creating 529.json.md5 was received
11:41:39.022023 - request for creating 53.json.md5 was received
11:41:39.181028 - request for creating 530.json.md5 was received
11:41:39.280031 - request for creating 528.json.md5 was received
11:41:39.339028 - request for creating 532.json.md5 was received
11:41:39.483552 - request for creating 533.json.md5 was received
11:41:39.578548 - request for creating 534.json.md5 was received
11:41:39.668550 - request for creating 535.json.md5 was received
11:41:39.802559 - request for creating 536.json.md5 was received
11:41:39.945549 - request for creating 537.json.md5 was received
11:41:40.070558 - request for creating 538.json.md5 was received
11:41:40.181094 - request for creating 539.json.md5 was received
11:41:40.286092 - request for creating 54.json.md5 was received
11:41:40.438085 - request for creating 540.json.md5 was received
11:41:40.627095 - request for creating 541.json.md5 was received
11:41:40.744090 - request for creating 546.json.md5 was received
11:41:40.888090 - request for creating 543.json.md5 was received
11:41:40.950090 - request for creating 548.json.md5 was received
11:41:41.027088 - request for creating 549.json.md5 was received
11:41:41.134088 - request for creating 55.json.md5 was received
11:41:41.294088 - request for creating 547.json.md5 was received
11:41:41.435602 - request for creating 551.json.md5 was received
11:41:41.564601 - request for creating 545.json.md5 was received
11:41:41.655602 - request for creating 553.json.md5 was received
11:41:41.804129 - request for creating 550.json.md5 was received
11:41:41.925650 - request for creating 544.json.md5 was received
11:41:42.040655 - request for creating 552.json.md5 was received
11:41:42.168649 - request for creating 542.json.md5 was received
11:41:42.295652 - request for creating 554.json.md5 was received
11:41:42.420650 - request for creating 559.json.md5 was received
11:41:42.558650 - request for creating 556.json.md5 was received
11:41:42.644652 - request for creating 557.json.md5 was received
11:41:42.788653 - request for creating 558.json.md5 was received
11:41:42.913656 - request for creating 555.json.md5 was received
11:41:43.063654 - request for creating 56.json.md5 was received
11:41:43.176650 - request for creating 560.json.md5 was received
11:41:43.289651 - request for creating 561.json.md5 was received
11:41:43.392652 - request for creating 562.json.md5 was received
11:41:43.522650 - request for creating 563.json.md5 was received
11:41:43.644162 - request for creating 564.json.md5 was received
11:41:43.743165 - request for creating 569.json.md5 was received
11:41:43.885165 - request for creating 566.json.md5 was received
11:41:43.994164 - request for creating 567.json.md5 was received
11:41:44.108169 - request for creating 568.json.md5 was received
11:41:44.261166 - request for creating 565.json.md5 was received
11:41:44.378169 - request for creating 57.json.md5 was received
11:41:44.471166 - request for creating 574.json.md5 was received
11:41:44.601169 - request for creating 571.json.md5 was received
11:41:44.756166 - request for creating 572.json.md5 was received
11:41:44.882165 - request for creating 573.json.md5 was received
11:41:44.995167 - request for creating 570.json.md5 was received
11:41:45.090223 - request for creating 575.json.md5 was received
11:41:45.202225 - request for creating 576.json.md5 was received
11:41:45.350224 - request for creating 577.json.md5 was received
11:41:45.428222 - request for creating 578.json.md5 was received
11:41:45.632224 - request for creating 579.json.md5 was received
11:41:45.789228 - request for creating 58.json.md5 was received
11:41:45.905223 - request for creating 580.json.md5 was received
11:41:46.026223 - request for creating 581.json.md5 was received
11:41:46.122225 - request for creating 582.json.md5 was received
11:41:46.282225 - request for creating 583.json.md5 was received
11:41:46.361227 - request for creating 588.json.md5 was received
11:41:46.476229 - request for creating 585.json.md5 was received
11:41:46.590748 - request for creating 59.json.md5 was received
11:41:46.728748 - request for creating 587.json.md5 was received
11:41:46.892749 - request for creating 584.json.md5 was received
11:41:47.070752 - request for creating 589.json.md5 was received
11:41:47.129749 - request for creating 586.json.md5 was received
11:41:47.252793 - request for creating 590.json.md5 was received
11:41:47.359795 - request for creating 591.json.md5 was received
11:41:47.421794 - request for creating 592.json.md5 was received
11:41:47.496793 - request for creating 593.json.md5 was received
11:41:47.603790 - request for creating 598.json.md5 was received
11:41:47.730796 - request for creating 595.json.md5 was received
11:41:47.874794 - request for creating 596.json.md5 was received
11:41:47.968795 - request for creating 60.json.md5 was received
11:41:48.066794 - request for creating 594.json.md5 was received
11:41:48.126795 - request for creating 599.json.md5 was received
11:41:48.269805 - request for creating 6.json.md5 was received
11:41:48.371795 - request for creating 597.json.md5 was received
11:41:48.449795 - request for creating 604.json.md5 was received
11:41:48.511795 - request for creating 605.json.md5 was received
11:41:48.607796 - request for creating 602.json.md5 was received
11:41:48.715795 - request for creating 603.json.md5 was received
11:41:48.842796 - request for creating 600.json.md5 was received
11:41:48.957794 - request for creating 601.json.md5 was received
11:41:49.110797 - request for creating 606.json.md5 was received
11:41:49.276845 - request for creating 607.json.md5 was received
11:41:49.417846 - request for creating 608.json.md5 was received
11:41:49.516854 - request for creating 609.json.md5 was received
11:41:49.659850 - request for creating 61.json.md5 was received
11:41:49.797847 - request for creating 614.json.md5 was received
11:41:49.925845 - request for creating 611.json.md5 was received
11:41:50.019844 - request for creating 612.json.md5 was received
11:41:50.179846 - request for creating 613.json.md5 was received
11:41:50.282847 - request for creating 610.json.md5 was received
11:41:50.388844 - request for creating 615.json.md5 was received
11:41:50.526843 - request for creating 616.json.md5 was received
11:41:50.689847 - request for creating 617.json.md5 was received
11:41:50.865848 - request for creating 618.json.md5 was received
11:41:50.995372 - request for creating 619.json.md5 was received
11:41:51.147406 - request for creating 62.json.md5 was received
11:41:51.309931 - request for creating 620.json.md5 was received
11:41:51.452932 - request for creating 621.json.md5 was received
11:41:51.561931 - request for creating 622.json.md5 was received
11:41:51.701930 - request for creating 623.json.md5 was received
11:41:51.845932 - request for creating 624.json.md5 was received
11:41:51.994929 - request for creating 625.json.md5 was received
11:41:52.102931 - request for creating 626.json.md5 was received
11:41:52.213926 - request for creating 627.json.md5 was received
11:41:52.278929 - request for creating 628.json.md5 was received
11:41:52.412936 - request for creating 629.json.md5 was received
11:41:52.609932 - request for creating 63.json.md5 was received
11:41:52.717931 - request for creating 630.json.md5 was received
11:41:52.940931 - request for creating 631.json.md5 was received
11:41:53.112934 - request for creating 632.json.md5 was received
11:41:53.191930 - request for creating 637.json.md5 was received
11:41:53.313932 - request for creating 638.json.md5 was received
11:41:53.474931 - request for creating 635.json.md5 was received
11:41:53.527930 - request for creating 64.json.md5 was received
11:41:53.679932 - request for creating 633.json.md5 was received
11:41:53.775930 - request for creating 634.json.md5 was received
11:41:53.859977 - request for creating 639.json.md5 was received
11:41:53.964980 - request for creating 636.json.md5 was received
11:41:54.050978 - request for creating 640.json.md5 was received
11:41:54.140976 - request for creating 641.json.md5 was received
11:41:54.233979 - request for creating 646.json.md5 was received
11:41:54.376977 - request for creating 647.json.md5 was received
11:41:54.547975 - request for creating 648.json.md5 was received
11:41:54.653978 - request for creating 645.json.md5 was received
11:41:54.776490 - request for creating 642.json.md5 was received
11:41:54.901488 - request for creating 643.json.md5 was received
11:41:55.064487 - request for creating 644.json.md5 was received
11:41:55.203486 - request for creating 652.json.md5 was received
11:41:55.283490 - request for creating 65.json.md5 was received
11:41:55.352490 - request for creating 654.json.md5 was received
11:41:55.481008 - request for creating 651.json.md5 was received
11:41:55.630012 - request for creating 649.json.md5 was received
11:41:55.846009 - request for creating 657.json.md5 was received
11:41:55.931008 - request for creating 650.json.md5 was received
11:41:56.037008 - request for creating 655.json.md5 was received
11:41:56.188011 - request for creating 656.json.md5 was received
11:41:56.303005 - request for creating 653.json.md5 was received
11:41:56.491009 - request for creating 661.json.md5 was received
11:41:56.612008 - request for creating 659.json.md5 was received
11:41:56.711535 - request for creating 663.json.md5 was received
11:41:56.829057 - request for creating 660.json.md5 was received
11:41:57.014060 - request for creating 658.json.md5 was received
11:41:57.155065 - request for creating 662.json.md5 was received
11:41:57.213058 - request for creating 667.json.md5 was received
11:41:57.350057 - request for creating 664.json.md5 was received
11:41:57.527058 - request for creating 665.json.md5 was received
11:41:57.652058 - request for creating 666.json.md5 was received
11:41:57.792056 - request for creating 66.json.md5 was received
11:41:57.915061 - request for creating 668.json.md5 was received
11:41:58.064068 - request for creating 672.json.md5 was received
11:41:58.189581 - request for creating 67.json.md5 was received
11:41:58.285583 - request for creating 674.json.md5 was received
11:41:58.407584 - request for creating 671.json.md5 was received
11:41:58.578579 - request for creating 669.json.md5 was received
11:41:58.675580 - request for creating 673.json.md5 was received
11:41:58.812100 - request for creating 670.json.md5 was received
11:41:58.964101 - request for creating 675.json.md5 was received
11:41:59.058104 - request for creating 676.json.md5 was received
11:41:59.130101 - request for creating 677.json.md5 was received
11:41:59.235625 - request for creating 678.json.md5 was received
11:41:59.480148 - request for creating 679.json.md5 was received
11:41:59.539149 - request for creating 683.json.md5 was received
11:41:59.623150 - request for creating 684.json.md5 was received
11:41:59.700192 - request for creating 681.json.md5 was received
11:41:59.844247 - request for creating 682.json.md5 was received
11:42:00.004244 - request for creating 68.json.md5 was received
11:42:00.127241 - request for creating 680.json.md5 was received
11:42:00.294244 - request for creating 685.json.md5 was received
11:42:00.397243 - request for creating 69.json.md5 was received
11:42:00.508245 - request for creating 687.json.md5 was received
11:42:00.626244 - request for creating 688.json.md5 was received
11:42:00.802250 - request for creating 689.json.md5 was received
11:42:00.848245 - request for creating 686.json.md5 was received
11:42:00.973248 - request for creating 694.json.md5 was received
11:42:01.127239 - request for creating 691.json.md5 was received
11:42:01.238243 - request for creating 692.json.md5 was received
11:42:01.385251 - request for creating 693.json.md5 was received
11:42:01.460245 - request for creating 690.json.md5 was received
11:42:01.602248 - request for creating 699.json.md5 was received
11:42:01.771248 - request for creating 7.json.md5 was received
11:42:02.008244 - request for creating 697.json.md5 was received
11:42:02.198244 - request for creating 700.json.md5 was received
11:42:02.348244 - request for creating 701.json.md5 was received
11:42:02.411244 - request for creating 696.json.md5 was received
11:42:02.529244 - request for creating 70.json.md5 was received
11:42:02.696244 - request for creating 698.json.md5 was received
11:42:02.780243 - request for creating 705.json.md5 was received
11:42:02.898241 - request for creating 706.json.md5 was received
11:42:03.006243 - request for creating 703.json.md5 was received
11:42:03.082243 - request for creating 708.json.md5 was received
11:42:03.187245 - request for creating 695.json.md5 was received
11:42:03.282245 - request for creating 702.json.md5 was received
11:42:03.411244 - request for creating 710.json.md5 was received
11:42:03.553242 - request for creating 704.json.md5 was received
11:42:03.668244 - request for creating 709.json.md5 was received
11:42:03.807245 - request for creating 71.json.md5 was received
11:42:03.982244 - request for creating 707.json.md5 was received
11:42:04.066245 - request for creating 715.json.md5 was received
11:42:04.242245 - request for creating 712.json.md5 was received
11:42:04.365244 - request for creating 713.json.md5 was received
11:42:04.470247 - request for creating 718.json.md5 was received
11:42:04.530244 - request for creating 719.json.md5 was received
11:42:04.599243 - request for creating 716.json.md5 was received
11:42:04.638243 - request for creating 717.json.md5 was received
11:42:04.767303 - request for creating 714.json.md5 was received
11:42:04.897305 - request for creating 711.json.md5 was received
11:42:05.021308 - request for creating 723.json.md5 was received
11:42:05.162987 - request for creating 720.json.md5 was received
11:42:05.280066 - request for creating 721.json.md5 was received
11:42:05.384063 - request for creating 722.json.md5 was received
11:42:05.507063 - request for creating 72.json.md5 was received
11:42:05.591065 - request for creating 728.json.md5 was received
11:42:05.711063 - request for creating 729.json.md5 was received
11:42:05.829596 - request for creating 726.json.md5 was received
11:42:05.992590 - request for creating 727.json.md5 was received
11:42:06.110592 - request for creating 724.json.md5 was received
11:42:06.327117 - request for creating 732.json.md5 was received
11:42:06.448118 - request for creating 733.json.md5 was received
11:42:06.677118 - request for creating 730.json.md5 was received
11:42:06.825118 - request for creating 731.json.md5 was received
11:42:06.981642 - request for creating 725.json.md5 was received
11:42:07.036645 - request for creating 737.json.md5 was received
11:42:07.271644 - request for creating 734.json.md5 was received
11:42:07.399642 - request for creating 735.json.md5 was received
11:42:07.550645 - request for creating 74.json.md5 was received
11:42:07.690644 - request for creating 740.json.md5 was received
11:42:07.923639 - request for creating 738.json.md5 was received
11:42:08.027642 - request for creating 739.json.md5 was received
11:42:08.182641 - request for creating 736.json.md5 was received
11:42:08.297641 - request for creating 73.json.md5 was received
11:42:08.511639 - request for creating 741.json.md5 was received
11:42:08.662643 - request for creating 742.json.md5 was received
11:42:08.790642 - request for creating 743.json.md5 was received
11:42:08.887647 - request for creating 744.json.md5 was received
11:42:08.989157 - request for creating 745.json.md5 was received
11:42:09.121164 - request for creating 746.json.md5 was received
11:42:09.248163 - request for creating 750.json.md5 was received
11:42:09.387162 - request for creating 751.json.md5 was received
11:42:09.516160 - request for creating 749.json.md5 was received
11:42:09.707161 - request for creating 753.json.md5 was received
11:42:09.861158 - request for creating 747.json.md5 was received
11:42:10.020163 - request for creating 748.json.md5 was received
11:42:10.197160 - request for creating 752.json.md5 was received
11:42:10.328161 - request for creating 75.json.md5 was received
11:42:10.450162 - request for creating 754.json.md5 was received
11:42:10.577160 - request for creating 759.json.md5 was received
11:42:10.703162 - request for creating 756.json.md5 was received
11:42:10.875163 - request for creating 757.json.md5 was received
11:42:11.007161 - request for creating 758.json.md5 was received
11:42:11.117162 - request for creating 755.json.md5 was received
11:42:11.213160 - request for creating 76.json.md5 was received
11:42:11.303163 - request for creating 760.json.md5 was received
11:42:11.485164 - request for creating 761.json.md5 was received
11:42:11.663161 - request for creating 762.json.md5 was received
11:42:11.813157 - request for creating 763.json.md5 was received
11:42:11.958163 - request for creating 768.json.md5 was received
11:42:12.067166 - request for creating 765.json.md5 was received
11:42:12.183161 - request for creating 766.json.md5 was received
11:42:12.323161 - request for creating 767.json.md5 was received
11:42:12.484160 - request for creating 764.json.md5 was received
11:42:12.530160 - request for creating 769.json.md5 was received
11:42:12.635156 - request for creating 773.json.md5 was received
11:42:12.767156 - request for creating 770.json.md5 was received
11:42:12.880161 - request for creating 771.json.md5 was received
11:42:13.017160 - request for creating 772.json.md5 was received
11:42:13.100165 - request for creating 77.json.md5 was received
11:42:13.243163 - request for creating 774.json.md5 was received
11:42:13.383161 - request for creating 775.json.md5 was received
11:42:13.480159 - request for creating 776.json.md5 was received
11:42:13.635156 - request for creating 777.json.md5 was received
11:42:13.748161 - request for creating 778.json.md5 was received
11:42:13.848161 - request for creating 779.json.md5 was received
11:42:13.983682 - request for creating 78.json.md5 was received
11:42:14.083682 - request for creating 780.json.md5 was received
11:42:14.268687 - request for creating 781.json.md5 was received
11:42:14.356685 - request for creating 786.json.md5 was received
11:42:14.430682 - request for creating 783.json.md5 was received
11:42:14.539684 - request for creating 784.json.md5 was received
11:42:14.650680 - request for creating 785.json.md5 was received
11:42:14.824683 - request for creating 782.json.md5 was received
11:42:14.931681 - request for creating 787.json.md5 was received
11:42:15.077689 - request for creating 788.json.md5 was received
11:42:15.202685 - request for creating 789.json.md5 was received
11:42:15.384680 - request for creating 79.json.md5 was received
11:42:15.563699 - request for creating 790.json.md5 was received
11:42:15.598684 - request for creating 791.json.md5 was received
11:42:15.668682 - request for creating 796.json.md5 was received
11:42:15.765727 - request for creating 793.json.md5 was received
11:42:15.907731 - request for creating 794.json.md5 was received
11:42:15.979726 - request for creating 795.json.md5 was received
11:42:16.068724 - request for creating 792.json.md5 was received
11:42:16.213725 - request for creating 797.json.md5 was received
11:42:16.335240 - request for creating 798.json.md5 was received
11:42:16.476759 - request for creating 799.json.md5 was received
11:42:16.635757 - request for creating 8.json.md5 was received
11:42:16.733756 - request for creating 803.json.md5 was received
11:42:16.778755 - request for creating 800.json.md5 was received
11:42:16.923763 - request for creating 801.json.md5 was received
11:42:17.036756 - request for creating 802.json.md5 was received
11:42:17.147755 - request for creating 80.json.md5 was received
11:42:17.296290 - request for creating 804.json.md5 was received
11:42:17.429329 - request for creating 809.json.md5 was received
11:42:17.569329 - request for creating 806.json.md5 was received
11:42:17.637331 - request for creating 807.json.md5 was received
11:42:17.703331 - request for creating 808.json.md5 was received
11:42:17.808329 - request for creating 805.json.md5 was received
11:42:17.953329 - request for creating 81.json.md5 was received
11:42:18.080334 - request for creating 814.json.md5 was received
11:42:18.199331 - request for creating 811.json.md5 was received
11:42:18.320331 - request for creating 812.json.md5 was received
11:42:18.465328 - request for creating 813.json.md5 was received
11:42:18.600332 - request for creating 810.json.md5 was received
11:42:18.731330 - request for creating 815.json.md5 was received
11:42:18.904326 - request for creating 816.json.md5 was received
11:42:19.053330 - request for creating 817.json.md5 was received
11:42:19.165334 - request for creating 818.json.md5 was received
11:42:19.354331 - request for creating 819.json.md5 was received
11:42:19.446335 - request for creating 82.json.md5 was received
11:42:19.545330 - request for creating 820.json.md5 was received
11:42:19.658333 - request for creating 821.json.md5 was received
11:42:19.781329 - request for creating 822.json.md5 was received
11:42:19.952329 - request for creating 823.json.md5 was received
11:42:20.128329 - request for creating 824.json.md5 was received
11:42:20.281331 - request for creating 825.json.md5 was received
11:42:20.399329 - request for creating 83.json.md5 was received
11:42:20.497325 - request for creating 827.json.md5 was received
11:42:20.652332 - request for creating 828.json.md5 was received
11:42:20.796332 - request for creating 832.json.md5 was received
11:42:20.946333 - request for creating 826.json.md5 was received
11:42:21.086330 - request for creating 830.json.md5 was received
11:42:21.193331 - request for creating 831.json.md5 was received
11:42:21.284331 - request for creating 829.json.md5 was received
11:42:21.430330 - request for creating 833.json.md5 was received
11:42:21.577334 - request for creating 834.json.md5 was received
11:42:21.662331 - request for creating 839.json.md5 was received
11:42:21.768331 - request for creating 84.json.md5 was received
11:42:21.869329 - request for creating 837.json.md5 was received
11:42:21.988330 - request for creating 838.json.md5 was received
11:42:22.134864 - request for creating 835.json.md5 was received
11:42:22.241864 - request for creating 836.json.md5 was received
11:42:22.374878 - request for creating 840.json.md5 was received
11:42:22.497863 - request for creating 841.json.md5 was received
11:42:22.650861 - request for creating 842.json.md5 was received
11:42:22.916873 - request for creating 843.json.md5 was received
11:42:23.034862 - request for creating 848.json.md5 was received
11:42:23.128860 - request for creating 849.json.md5 was received
11:42:23.184865 - request for creating 85.json.md5 was received
11:42:23.310390 - request for creating 850.json.md5 was received
11:42:23.479382 - request for creating 844.json.md5 was received
11:42:23.713909 - request for creating 845.json.md5 was received
11:42:23.800909 - request for creating 846.json.md5 was received
11:42:23.943910 - request for creating 854.json.md5 was received
11:42:24.085909 - request for creating 851.json.md5 was received
11:42:24.269964 - request for creating 852.json.md5 was received
11:42:24.377963 - request for creating 853.json.md5 was received
11:42:24.502483 - request for creating 858.json.md5 was received
11:42:24.660486 - request for creating 855.json.md5 was received
11:42:24.797484 - request for creating 856.json.md5 was received
11:42:24.863487 - request for creating 860.json.md5 was received
11:42:24.946484 - request for creating 861.json.md5 was received
11:42:25.116484 - request for creating 862.json.md5 was received
11:42:25.173484 - request for creating 863.json.md5 was received
11:42:25.530486 - request for creating 864.json.md5 was received
11:42:25.665482 - request for creating 865.json.md5 was received
11:42:25.767483 - request for creating 866.json.md5 was received
11:42:25.900486 - request for creating 86.json.md5 was received
11:42:26.053484 - request for creating 857.json.md5 was received
11:42:26.179485 - request for creating 847.json.md5 was received
11:42:26.278482 - request for creating 859.json.md5 was received
11:42:26.413488 - request for creating 867.json.md5 was received
11:42:26.472483 - request for creating 871.json.md5 was received
11:42:26.537489 - request for creating 869.json.md5 was received
11:42:26.591486 - request for creating 873.json.md5 was received
11:42:26.689487 - request for creating 874.json.md5 was received
11:42:26.821540 - request for creating 868.json.md5 was received
11:42:26.911539 - request for creating 876.json.md5 was received
11:42:26.987539 - request for creating 87.json.md5 was received
11:42:27.191540 - request for creating 870.json.md5 was received
11:42:27.303539 - request for creating 875.json.md5 was received
11:42:27.437064 - request for creating 872.json.md5 was received
11:42:27.546063 - request for creating 877.json.md5 was received
11:42:27.647065 - request for creating 878.json.md5 was received
11:42:27.771064 - request for creating 882.json.md5 was received
11:42:27.880064 - request for creating 88.json.md5 was received
11:42:28.026067 - request for creating 880.json.md5 was received
11:42:28.166067 - request for creating 885.json.md5 was received
11:42:28.285063 - request for creating 886.json.md5 was received
11:42:28.387065 - request for creating 887.json.md5 was received
11:42:28.518067 - request for creating 888.json.md5 was received
11:42:28.643070 - request for creating 889.json.md5 was received
11:42:28.818062 - request for creating 89.json.md5 was received
11:42:28.906064 - request for creating 883.json.md5 was received
11:42:29.105076 - request for creating 884.json.md5 was received
11:42:29.203062 - request for creating 892.json.md5 was received
11:42:29.267067 - request for creating 879.json.md5 was received
11:42:29.371065 - request for creating 894.json.md5 was received
11:42:29.463062 - request for creating 891.json.md5 was received
11:42:29.596063 - request for creating 881.json.md5 was received
11:42:29.745592 - request for creating 893.json.md5 was received
11:42:29.920136 - request for creating 890.json.md5 was received
11:42:30.085133 - request for creating 895.json.md5 was received
11:42:30.215135 - request for creating 896.json.md5 was received
11:42:30.381138 - request for creating 897.json.md5 was received
11:42:30.472131 - request for creating 91.json.md5 was received
11:42:30.608132 - request for creating 899.json.md5 was received
11:42:30.720138 - request for creating 9.json.md5 was received
11:42:30.834134 - request for creating 90.json.md5 was received
11:42:30.957667 - request for creating 898.json.md5 was received
11:42:31.039661 - request for creating 96.json.md5 was received
11:42:31.145662 - request for creating 97.json.md5 was received
11:42:31.276660 - request for creating 94.json.md5 was received
11:42:31.383658 - request for creating 95.json.md5 was received
11:42:31.549179 - request for creating 92.json.md5 was received
11:42:31.690179 - request for creating 93.json.md5 was received
11:42:31.833178 - request for creating 98.json.md5 was received
11:42:31.931183 - request for creating 99.json.md5 was received
11:42:32.024185 - request for creating 1000.json.md5 was received
11:42:32.120179 - request for creating 904.json.md5 was received
11:42:32.215179 - request for creating 901.json.md5 was received
11:42:32.271182 - request for creating 906.json.md5 was received
11:42:32.400180 - request for creating 903.json.md5 was received
11:42:32.566183 - request for creating 900.json.md5 was received
11:42:32.737230 - request for creating 909.json.md5 was received
11:42:32.989232 - request for creating 902.json.md5 was received
11:42:33.228230 - request for creating 911.json.md5 was received
11:42:33.402232 - request for creating 908.json.md5 was received
11:42:33.546230 - request for creating 913.json.md5 was received
11:42:33.672229 - request for creating 914.json.md5 was received
11:42:33.806232 - request for creating 907.json.md5 was received
11:42:33.949286 - request for creating 916.json.md5 was received
11:42:34.090762 - request for creating 917.json.md5 was received
11:42:34.235826 - request for creating 918.json.md5 was received
11:42:34.412824 - request for creating 919.json.md5 was received
11:42:34.604825 - request for creating 920.json.md5 was received
11:42:34.850903 - request for creating 921.json.md5 was received
11:42:35.023896 - request for creating 910.json.md5 was received
11:42:35.170023 - request for creating 915.json.md5 was received
11:42:35.320098 - request for creating 924.json.md5 was received
11:42:35.500160 - request for creating 925.json.md5 was received
11:42:35.674160 - request for creating 926.json.md5 was received
11:42:35.846158 - request for creating 923.json.md5 was received
11:42:35.940685 - request for creating 928.json.md5 was received
11:42:36.039684 - request for creating 929.json.md5 was received
11:42:36.146687 - request for creating 930.json.md5 was received
11:42:36.368687 - request for creating 931.json.md5 was received
11:42:36.514686 - request for creating 932.json.md5 was received
11:42:36.703683 - request for creating 933.json.md5 was received
11:42:36.829684 - request for creating 934.json.md5 was received
11:42:36.937741 - request for creating 935.json.md5 was received
11:42:37.035811 - request for creating 912.json.md5 was received
11:42:37.158810 - request for creating 937.json.md5 was received
11:42:37.375871 - request for creating 938.json.md5 was received
11:42:37.470948 - request for creating 939.json.md5 was received
11:42:37.596949 - request for creating 940.json.md5 was received
11:42:37.914949 - request for creating 941.json.md5 was received
11:42:38.070948 - request for creating 942.json.md5 was received
11:42:38.369002 - request for creating 943.json.md5 was received
11:42:38.701075 - request for creating 944.json.md5 was received
11:42:38.937074 - request for creating 905.json.md5 was received
11:42:39.041075 - request for creating 946.json.md5 was received
11:42:39.116074 - request for creating 947.json.md5 was received
11:42:39.392078 - request for creating 936.json.md5 was received
11:42:39.559073 - request for creating 949.json.md5 was received
11:42:39.731075 - request for creating 950.json.md5 was received
11:42:39.886160 - request for creating 951.json.md5 was received
11:42:40.033166 - request for creating 952.json.md5 was received
11:42:40.206160 - request for creating 953.json.md5 was received
11:42:40.354160 - request for creating 954.json.md5 was received
11:42:40.474162 - request for creating 955.json.md5 was received
11:42:40.599216 - request for creating 956.json.md5 was received
11:42:40.997732 - request for creating 957.json.md5 was received
11:42:41.306787 - request for creating 958.json.md5 was received
11:42:41.450789 - request for creating 959.json.md5 was received
11:42:41.552786 - request for creating 948.json.md5 was received
11:42:41.682787 - request for creating 945.json.md5 was received
11:42:41.866788 - request for creating 962.json.md5 was received
11:42:42.040790 - request for creating 927.json.md5 was received
11:42:42.169789 - request for creating 960.json.md5 was received
11:42:42.286844 - request for creating 965.json.md5 was received
11:42:42.367842 - request for creating 966.json.md5 was received
11:42:42.446842 - request for creating 963.json.md5 was received
11:42:42.493844 - request for creating 968.json.md5 was received
11:42:42.523839 - request for creating 961.json.md5 was received
11:42:42.619365 - request for creating 970.json.md5 was received
11:42:42.760879 - request for creating 967.json.md5 was received
11:42:42.872885 - request for creating 972.json.md5 was received
11:42:43.019888 - request for creating 973.json.md5 was received
11:42:43.137884 - request for creating 922.json.md5 was received
11:42:43.330887 - request for creating 971.json.md5 was received
11:42:43.385884 - request for creating 976.json.md5 was received
11:42:43.454886 - request for creating 977.json.md5 was received
11:42:43.542882 - request for creating 978.json.md5 was received
11:42:43.586883 - request for creating 979.json.md5 was received
11:42:43.711888 - request for creating 964.json.md5 was received
11:42:43.862883 - request for creating 969.json.md5 was received
11:42:43.983881 - request for creating 974.json.md5 was received
11:42:44.118880 - request for creating 975.json.md5 was received
11:42:44.298898 - request for creating 980.json.md5 was received
11:42:44.346895 - request for creating 985.json.md5 was received
11:42:44.457884 - request for creating 982.json.md5 was received
11:42:44.533891 - request for creating 983.json.md5 was received
11:42:44.690886 - request for creating 988.json.md5 was received
11:42:44.764886 - request for creating 989.json.md5 was received
11:42:44.870416 - request for creating 986.json.md5 was received
11:42:44.958924 - request for creating 987.json.md5 was received
11:42:45.062925 - request for creating 992.json.md5 was received
11:42:45.107924 - request for creating 993.json.md5 was received
11:42:45.193923 - request for creating 994.json.md5 was received
11:42:45.297929 - request for creating 991.json.md5 was received
11:42:45.338925 - request for creating 996.json.md5 was received
11:42:45.407924 - request for creating 981.json.md5 was received
11:42:45.511922 - request for creating 990.json.md5 was received
11:42:45.615928 - request for creating 995.json.md5 was received
11:42:45.765967 - request for creating 984.json.md5 was received
11:42:45.935969 - request for creating 997.json.md5 was received
11:42:45.994968 - request for creating 998.json.md5 was received
11:42:46.044970 - request for creating 999.json.md5 was received
11:42:46.069967 - request for creating 25.json.md5 was received
11:42:46.103967 - request for creating 280.json.md5 was received
11:42:46.269016 - worker 5 killed!
11:42:46.307017 - request for creating 282.json.md5 was received
11:42:46.339018 - worker 5 started
11:42:46.459017 - worker 3 killed!
11:42:46.527018 - request for creating 281.json.md5 was received
11:42:46.639019 - worker 3 started
11:42:46.753018 - request for creating 290.json.md5 was received
11:42:46.822020 - request for creating 290.json.md5 was received
11:42:46.870017 - request for creating 298.json.md5 was received
11:42:46.917017 - request for creating 298.json.md5 was received
11:42:46.984021 - worker 5 killed!
11:42:47.052018 - request for creating 292.json.md5 was received
11:42:47.123068 - worker 5 started
11:42:47.193067 - request for creating 291.json.md5 was received
11:42:47.287071 - request for creating 301.json.md5 was received
11:42:47.378069 - worker 3 killed!
11:42:47.428067 - request for creating 302.json.md5 was received
11:42:47.477068 - worker 3 started
11:42:47.527067 - request for creating 310.json.md5 was received
11:42:47.577067 - request for creating 312.json.md5 was received
11:42:47.618074 - request for creating 305.json.md5 was received
11:42:47.940101 - worker 5 killed!
11:42:47.994100 - request for creating 317.json.md5 was received
11:42:48.025105 - worker 5 started
11:42:48.120103 - request for creating 322.json.md5 was received
11:42:48.199101 - request for creating 326.json.md5 was received
11:42:48.303102 - worker 1 killed!
11:42:48.362099 - request for creating 332.json.md5 was received
11:42:48.416104 - worker 1 started
11:42:48.442101 - request for creating 332.json.md5 was received
11:42:48.494101 - request for creating 333.json.md5 was received
11:42:48.637106 - worker 3 killed!
11:42:48.694102 - request for creating 338.json.md5 was received
11:42:48.744101 - worker 3 started
11:42:48.810102 - worker 5 killed!
11:42:48.861101 - request for creating 329.json.md5 was received
11:42:48.906101 - worker 5 started
11:42:49.028101 - request for creating 342.json.md5 was received
11:42:49.175099 - request for creating 344.json.md5 was received
11:42:49.229101 - request for creating 330.json.md5 was received
11:42:49.410101 - worker 1 killed!
11:42:49.448103 - request for creating 346.json.md5 was received
11:42:49.509099 - worker 1 started
11:42:49.575103 - worker 3 killed!
11:42:49.613100 - request for creating 343.json.md5 was received
11:42:49.657100 - worker 3 started
11:42:49.728100 - request for creating 351.json.md5 was received
11:42:49.860100 - worker 5 killed!
11:42:49.926629 - request for creating 339.json.md5 was received
11:42:49.970631 - worker 5 started
11:42:50.040629 - request for creating 36.json.md5 was received
11:42:50.236628 - worker 3 killed!
11:42:50.332642 - request for creating 360.json.md5 was received
11:42:50.367630 - worker 3 started
11:42:50.471628 - request for creating 362.json.md5 was received
11:42:50.624629 - worker 5 killed!
11:42:50.732629 - request for creating 363.json.md5 was received
11:42:50.790627 - worker 5 started
11:42:51.038153 - request for creating 368.json.md5 was received
11:42:51.122154 - worker 5 killed!
11:42:51.280153 - request for creating 376.json.md5 was received
11:42:51.407155 - worker 5 started
11:42:51.561156 - worker 4 started
11:42:51.658154 - request for creating 375.json.md5 was received
11:42:51.697158 - request for creating 378.json.md5 was received
11:42:51.757155 - worker 2 started
11:42:51.822154 - worker 3 started
11:42:51.891156 - worker 3 killed!
11:42:51.931155 - worker 1 started
11:42:52.045154 - worker 3 started
11:42:52.086155 - worker 5 killed!
11:42:52.137155 - worker 5 started
11:42:52.378157 - worker 3 killed!
11:42:52.432158 - worker 3 started
11:42:52.490155 - worker 2 killed!
11:42:52.596155 - worker 2 started
11:42:52.670157 - worker 1 killed!
11:42:52.722154 - worker 1 started
11:42:52.864156 - worker 5 killed!
11:42:52.922155 - worker 5 started
11:42:53.174158 - worker 3 killed!
11:42:53.245155 - worker 3 started
11:42:53.339156 - worker 5 killed!
11:42:53.395157 - worker 5 started
11:42:53.446156 - worker 1 killed!
11:42:53.493155 - worker 1 started
11:42:53.665157 - worker 1 killed!
11:42:53.752157 - worker 1 started
11:42:53.949168 - worker 3 killed!
11:42:54.040154 - worker 3 started
11:44:34.653940 - [STARTING] server is listening to you(dont fear tho) ....
11:44:34.890021 - worker 1 started
11:44:34.953018 - worker 2 started
11:44:35.020019 - worker 3 started
11:44:35.065025 - worker 5 started
11:44:35.085023 - worker 4 started
11:44:41.647420 - report for file 1000.json.md5 was received
11:44:41.663417 - request for creating 1000.json.md5 was received
11:44:41.762418 - request for creating 900.json.md5 was received
11:44:41.865417 - request for creating 905.json.md5 was received
11:44:42.094418 - request for creating 902.json.md5 was received
11:44:42.169421 - request for creating 903.json.md5 was received
11:44:42.266433 - request for creating 904.json.md5 was received
11:44:42.394936 - request for creating 909.json.md5 was received
11:44:42.499934 - request for creating 906.json.md5 was received
11:44:42.604934 - request for creating 907.json.md5 was received
11:44:42.783934 - request for creating 912.json.md5 was received
11:44:42.918933 - request for creating 913.json.md5 was received
11:44:43.154932 - request for creating 910.json.md5 was received
11:44:43.291934 - request for creating 911.json.md5 was received
11:44:43.356933 - request for creating 908.json.md5 was received
11:44:43.492455 - request for creating 917.json.md5 was received
11:44:43.593515 - request for creating 914.json.md5 was received
11:44:43.688513 - request for creating 919.json.md5 was received
11:44:43.754037 - request for creating 916.json.md5 was received
11:44:43.854037 - request for creating 901.json.md5 was received
11:44:43.973557 - request for creating 918.json.md5 was received
11:44:44.044557 - request for creating 915.json.md5 was received
11:44:44.155556 - request for creating 924.json.md5 was received
11:44:44.214558 - request for creating 921.json.md5 was received
11:44:44.491558 - request for creating 922.json.md5 was received
11:44:44.601555 - request for creating 923.json.md5 was received
11:44:44.741558 - request for creating 920.json.md5 was received
11:44:44.873086 - request for creating 929.json.md5 was received
11:44:45.216898 - request for creating 930.json.md5 was received
11:44:45.431968 - request for creating 927.json.md5 was received
11:44:45.883537 - request for creating 932.json.md5 was received
11:44:46.260585 - request for creating 933.json.md5 was received
11:44:46.339583 - request for creating 934.json.md5 was received
11:44:46.463583 - request for creating 931.json.md5 was received
11:44:46.636119 - request for creating 928.json.md5 was received
11:44:46.950648 - request for creating 925.json.md5 was received
11:44:47.176239 - request for creating 938.json.md5 was received
11:44:47.253239 - request for creating 939.json.md5 was received
11:44:47.394240 - request for creating 936.json.md5 was received
11:44:47.500238 - request for creating 941.json.md5 was received
11:44:47.671239 - request for creating 926.json.md5 was received
11:44:47.827238 - request for creating 935.json.md5 was received
11:44:47.950243 - request for creating 944.json.md5 was received
11:44:48.120337 - request for creating 937.json.md5 was received
11:44:48.258337 - request for creating 942.json.md5 was received
11:44:48.368860 - request for creating 947.json.md5 was received
11:44:48.442864 - request for creating 948.json.md5 was received
11:44:48.572415 - request for creating 949.json.md5 was received
11:44:48.691406 - request for creating 946.json.md5 was received
11:44:48.875932 - request for creating 943.json.md5 was received
11:44:48.985932 - request for creating 940.json.md5 was received
11:44:49.105932 - request for creating 945.json.md5 was received
11:44:49.544994 - request for creating 950.json.md5 was received
11:44:49.721997 - request for creating 951.json.md5 was received
11:44:49.825994 - request for creating 952.json.md5 was received
11:44:49.958993 - request for creating 957.json.md5 was received
11:44:49.987993 - request for creating 958.json.md5 was received
11:44:50.121514 - request for creating 955.json.md5 was received
11:44:50.206520 - request for creating 960.json.md5 was received
11:44:50.370513 - request for creating 953.json.md5 was received
11:44:50.661621 - request for creating 954.json.md5 was received
11:44:50.782209 - request for creating 963.json.md5 was received
11:44:50.871210 - request for creating 956.json.md5 was received
11:44:50.987206 - request for creating 961.json.md5 was received
11:44:51.137204 - request for creating 962.json.md5 was received
11:44:51.437206 - request for creating 959.json.md5 was received
11:44:51.583206 - request for creating 968.json.md5 was received
11:44:52.017253 - request for creating 969.json.md5 was received
11:44:52.577300 - request for creating 970.json.md5 was received
11:44:53.434512 - request for creating 971.json.md5 was received
11:44:53.570512 - request for creating 964.json.md5 was received
11:44:53.979512 - request for creating 973.json.md5 was received
11:44:54.607214 - request for creating 966.json.md5 was received
11:44:55.102219 - request for creating 967.json.md5 was received
11:44:55.209213 - request for creating 972.json.md5 was received
11:44:55.590793 - request for creating 977.json.md5 was received
11:44:56.218787 - request for creating 978.json.md5 was received
11:44:56.342786 - request for creating 979.json.md5 was received
11:44:56.447784 - request for creating 980.json.md5 was received
11:44:56.632851 - request for creating 981.json.md5 was received
11:44:56.741859 - request for creating 974.json.md5 was received
11:44:56.893419 - request for creating 975.json.md5 was received
11:44:57.059419 - request for creating 984.json.md5 was received
11:44:57.130420 - request for creating 985.json.md5 was received
11:44:57.376420 - request for creating 982.json.md5 was received
11:44:57.562419 - request for creating 983.json.md5 was received
11:44:57.977049 - request for creating 988.json.md5 was received
11:44:58.174167 - request for creating 965.json.md5 was received
11:44:58.245163 - request for creating 990.json.md5 was received
11:44:58.412165 - request for creating 987.json.md5 was received
11:44:58.454166 - request for creating 992.json.md5 was received
11:44:58.587689 - request for creating 989.json.md5 was received
11:44:58.807694 - request for creating 986.json.md5 was received
11:44:59.050703 - request for creating 995.json.md5 was received
11:44:59.453688 - request for creating 996.json.md5 was received
11:44:59.623690 - request for creating 997.json.md5 was received
11:44:59.828056 - request for creating 998.json.md5 was received
11:45:01.256921 - request for creating 991.json.md5 was received
11:45:01.491495 - request for creating 976.json.md5 was received
11:45:01.740546 - request for creating 993.json.md5 was received
11:45:01.844551 - request for creating 994.json.md5 was received
11:45:01.902590 - request for creating 999.json.md5 was received
11:45:01.981592 - request for creating 1000.json.md5 was received
11:45:02.019594 - request for creating 900.json.md5 was received
11:45:02.060595 - request for creating 905.json.md5 was received
11:45:02.170592 - request for creating 902.json.md5 was received
11:45:02.323645 - worker 2 killed!
11:45:02.376648 - request for creating 907.json.md5 was received
11:45:02.442645 - worker 2 started
11:45:02.532644 - worker 3 killed!
11:45:02.578646 - request for creating 913.json.md5 was received
11:45:02.612646 - worker 3 started
11:45:02.797186 - worker 5 killed!
11:45:02.857186 - request for creating 911.json.md5 was received
11:45:02.910189 - worker 5 started
11:45:02.958186 - request for creating 908.json.md5 was received
11:45:03.000187 - request for creating 908.json.md5 was received
11:45:03.102778 - request for creating 908.json.md5 was received
11:45:03.229777 - request for creating 917.json.md5 was received
11:45:03.524777 - worker 5 killed!
11:45:03.652778 - request for creating 921.json.md5 was received
11:45:03.766786 - worker 5 started
11:45:03.780775 - request for creating 916.json.md5 was received
11:45:03.798776 - worker 2 killed!
11:45:03.847776 - worker 2 started
11:45:03.955777 - request for creating 901.json.md5 was received
11:45:04.122778 - worker 1 killed!
11:45:04.280776 - request for creating 924.json.md5 was received
11:45:04.391775 - worker 1 started
11:45:04.512299 - worker 3 killed!
11:45:04.604300 - worker 3 started
11:45:04.688300 - request for creating 914.json.md5 was received
11:45:04.924300 - request for creating 920.json.md5 was received
11:45:05.191346 - request for creating 934.json.md5 was received
11:45:05.270868 - worker 3 killed!
11:45:05.336865 - worker 3 started
11:45:05.422463 - worker 5 killed!
11:45:05.495462 - worker 5 started
11:45:05.546461 - request for creating 933.json.md5 was received
11:45:05.698458 - worker 1 killed!
11:45:05.776460 - worker 1 started
11:45:05.852512 - request for creating 931.json.md5 was received
11:45:06.028509 - request for creating 938.json.md5 was received
11:45:06.202511 - request for creating 939.json.md5 was received
11:45:06.369508 - worker 2 killed!
11:45:06.439508 - worker 2 started
11:45:06.574513 - request for creating 936.json.md5 was received
11:45:06.811038 - request for creating 941.json.md5 was received
11:45:06.881031 - worker 1 killed!
11:45:06.932031 - worker 1 started
11:45:07.090035 - request for creating 947.json.md5 was received
11:45:07.339105 - worker 3 killed!
11:45:07.420103 - request for creating 946.json.md5 was received
11:45:07.469103 - worker 3 started
11:45:07.611104 - request for creating 943.json.md5 was received
11:45:07.859747 - worker 2 killed!
11:45:07.961747 - worker 2 started
11:45:08.028745 - request for creating 945.json.md5 was received
11:45:08.436747 - worker 1 killed!
11:45:08.512748 - request for creating 950.json.md5 was received
11:45:08.570750 - worker 1 started
11:45:08.704744 - request for creating 960.json.md5 was received
11:45:08.783273 - worker 5 killed!
11:45:08.945271 - worker 5 started
11:45:09.049314 - request for creating 953.json.md5 was received
11:45:09.280357 - request for creating 954.json.md5 was received
11:45:09.464882 - worker 3 killed!
11:45:09.543881 - worker 3 started
11:45:09.620883 - request for creating 963.json.md5 was received
11:45:09.723890 - worker 5 killed!
11:45:09.794882 - worker 5 started
11:45:09.866881 - request for creating 961.json.md5 was received
11:45:10.121602 - worker 1 killed!
11:45:10.200605 - request for creating 962.json.md5 was received
11:45:10.289649 - worker 1 started
11:45:10.453721 - request for creating 968.json.md5 was received
11:45:10.518722 - worker 3 killed!
11:45:10.654247 - worker 3 started
11:45:10.722248 - request for creating 971.json.md5 was received
11:45:10.970313 - request for creating 967.json.md5 was received
11:45:11.032315 - request for creating 979.json.md5 was received
11:45:11.215312 - request for creating 960.json.md5 was received
11:45:11.381311 - request for creating 980.json.md5 was received
11:45:11.570895 - request for creating 974.json.md5 was received
11:45:11.692892 - request for creating 984.json.md5 was received
11:45:11.745895 - request for creating 983.json.md5 was received
11:45:11.772892 - request for creating 988.json.md5 was received
11:45:11.838942 - request for creating 965.json.md5 was received
11:45:11.918945 - request for creating 992.json.md5 was received
11:45:11.946944 - request for creating 986.json.md5 was received
11:45:12.003941 - request for creating 995.json.md5 was received
11:45:12.077940 - request for creating 991.json.md5 was received
11:45:12.122941 - request for creating 993.json.md5 was received
11:45:12.165944 - request for creating 999.json.md5 was received
